  OS07_01.cpp
D:\Course3\ОС\lab6\OS_Lab7\OS07_01\OS07_01.cpp(18,2): error C4235: использовано нестандартное расширение: ключевое слово "__asm" данной архитектурой не поддерживается
D:\Course3\ОС\lab6\OS_Lab7\OS07_01\OS07_01.cpp(21,3): error C2065: lock: необъявленный идентификатор
D:\Course3\ОС\lab6\OS_Lab7\OS07_01\OS07_01.cpp(21,8): error C2146: синтаксическая ошибка: отсутствие ";" перед идентификатором "bts"
D:\Course3\ОС\lab6\OS_Lab7\OS07_01\OS07_01.cpp(21,8): error C2065: bts: необъявленный идентификатор
D:\Course3\ОС\lab6\OS_Lab7\OS07_01\OS07_01.cpp(21,12): error C2146: синтаксическая ошибка: отсутствие ";" перед идентификатором "check"
D:\Course3\ОС\lab6\OS_Lab7\OS07_01\OS07_01.cpp(22,3): error C2065: jc: необъявленный идентификатор
D:\Course3\ОС\lab6\OS_Lab7\OS07_01\OS07_01.cpp(22,6): error C2146: синтаксическая ошибка: отсутствие ";" перед идентификатором "CriticalSection"
D:\Course3\ОС\lab6\OS_Lab7\OS07_01\OS07_01.cpp(22,6): error C2065: CriticalSection: необъявленный идентификатор
D:\Course3\ОС\lab6\OS_Lab7\OS07_01\OS07_01.cpp(23,2): error C2143: синтаксическая ошибка: отсутствие ";" перед "}"
D:\Course3\ОС\lab6\OS_Lab7\OS07_01\OS07_01.cpp(29,2): error C4235: использовано нестандартное расширение: ключевое слово "__asm" данной архитектурой не поддерживается
D:\Course3\ОС\lab6\OS_Lab7\OS07_01\OS07_01.cpp(29,8): error C2065: lock: необъявленный идентификатор
D:\Course3\ОС\lab6\OS_Lab7\OS07_01\OS07_01.cpp(29,13): error C2146: синтаксическая ошибка: отсутствие ";" перед идентификатором "btr"
D:\Course3\ОС\lab6\OS_Lab7\OS07_01\OS07_01.cpp(29,13): error C2065: btr: необъявленный идентификатор
D:\Course3\ОС\lab6\OS_Lab7\OS07_01\OS07_01.cpp(29,17): error C2146: синтаксическая ошибка: отсутствие ";" перед идентификатором "check"
D:\Course3\ОС\lab6\OS_Lab7\OS07_01\OS07_01.cpp(30,1): error C2143: синтаксическая ошибка: отсутствие ";" перед "}"
